<?xml version="1.0" encoding="UTF-8"?>
<testng-results ignored="0" total="1" passed="1" failed="0" skipped="0">
  <reporter-output>
  </reporter-output>
  <suite started-at="2022-01-19T10:46:54 IST" name="Default suite" finished-at="2022-01-19T10:47:00 IST" duration-ms="5889">
    <groups>
    </groups>
    <test started-at="2022-01-19T10:46:54 IST" name="Default test" finished-at="2022-01-19T10:47:00 IST" duration-ms="5889">
      <class name="com.toothsiC.testCases.Tc_FirstTest_001">
        <test-method is-config="true" signature="preconditions(java.lang.String)[pri:0, instance:com.toothsiC.testCases.Tc_FirstTest_001@3e84448c]" started-at="2022-01-19T10:46:54 IST" name="preconditions" finished-at="2022-01-19T10:47:00 IST" duration-ms="5019" status="PASS">
          <params>
            <param index="0">
              <value>
                <![CDATA[chrome]]>
              </value>
            </param>
          </params>
          <reporter-output>
          </reporter-output>
        </test-method> <!-- preconditions -->
        <test-method signature="login()[pri:0, instance:com.toothsiC.testCases.Tc_FirstTest_001@3e84448c]" started-at="2022-01-19T10:47:00 IST" name="login" finished-at="2022-01-19T10:47:00 IST" duration-ms="614" status="PASS">
          <reporter-output>
          </reporter-output>
        </test-method> <!-- login -->
        <test-method is-config="true" signature="postconditions()[pri:0, instance:com.toothsiC.testCases.Tc_FirstTest_001@3e84448c]" started-at="2022-01-19T10:47:00 IST" name="postconditions" finished-at="2022-01-19T10:47:00 IST" duration-ms="221" status="PASS">
          <reporter-output>
          </reporter-output>
        </test-method> <!-- postconditions -->
      </class> <!-- com.toothsiC.testCases.Tc_FirstTest_001 -->
    </test> <!-- Default test -->
  </suite> <!-- Default suite -->
</testng-results>
